# JRE version: OpenJDK Runtime Environment Temurin-21.0.6+7 (21.0.6+7) (build 21.0.6+7-LTS)
# Java VM: OpenJDK 64-Bit Server VM Temurin-21.0.6+7 (21.0.6+7-LTS, mixed mode, sharing, tiered, compressed oops, compressed class ptrs, parallel gc, windows-amd64)
GC Precious Log:
 CardTable entry size: 512
 CPUs: 16 total, 16 available
 Memory: 40661M
 Large Page Support: Disabled
 NUMA Support: Disabled
 Compressed Oops: Enabled (32-bit)
 Alignments: Space 512K, Generation 512K, Heap 2M
 Heap Min Capacity: 100M
 Heap Initial Capacity: 100M
 Heap Max Capacity: 1G
 Pre-touch: Disabled
 Parallel Workers: 13
Heap:
 PSYoungGen      total 8704K, used 8384K [0x00000000eab00000, 0x00000000eb480000, 0x0000000100000000)
  eden space 7680K, 100% used [0x00000000eab00000,0x00000000eb280000,0x00000000eb280000)
  from space 1024K, 68% used [0x00000000eb280000,0x00000000eb330000,0x00000000eb380000)
  to   space 1024K, 82% used [0x00000000eb380000,0x00000000eb452600,0x00000000eb480000)
 ParOldGen       total 412672K, used 412250K [0x00000000c0000000, 0x00000000d9300000, 0x00000000eab00000)
  object space 412672K, 99% used [0x00000000c0000000,0x00000000d9296a90,0x00000000d9300000)
 Metaspace       used 80602K, committed 82432K, reserved 1179648K
  class space    used 7884K, committed 8704K, reserved 1048576K
GC Heap History (20 events):
Event: 761.913 GC heap before
{Heap before GC invocations=2776 (full 6):
 PSYoungGen      total 8704K, used 8593K [0x00000000eab00000, 0x00000000eb580000, 0x0000000100000000)
  eden space 7680K, 99% used [0x00000000eab00000,0x00000000eb271e50,0x00000000eb280000)
  from space 1024K, 94% used [0x00000000eb480000,0x00000000eb572800,0x00000000eb580000)
  to   space 1024K, 0% used [0x00000000eb380000,0x00000000eb380000,0x00000000eb480000)
 ParOldGen       total 409088K, used 408854K [0x00000000c0000000, 0x00000000d8f80000, 0x00000000eab00000)
  object space 409088K, 99% used [0x00000000c0000000,0x00000000d8f45858,0x00000000d8f80000)
 Metaspace       used 80602K, committed 82432K, reserved 1179648K
  class space    used 7884K, committed 8704K, reserved 1048576K
}
Event: 761.914 GC heap after
{Heap after GC invocations=2776 (full 6):
 PSYoungGen      total 8192K, used 256K [0x00000000eab00000, 0x00000000eb500000, 0x0000000100000000)
  eden space 7680K, 0% used [0x00000000eab00000,0x00000000eab00000,0x00000000eb280000)
  from space 512K, 50% used [0x00000000eb380000,0x00000000eb3c0000,0x00000000eb400000)
  to   space 1024K, 0% used [0x00000000eb400000,0x00000000eb400000,0x00000000eb500000)
 ParOldGen       total 409088K, used 408990K [0x00000000c0000000, 0x00000000d8f80000, 0x00000000eab00000)
  object space 409088K, 99% used [0x00000000c0000000,0x00000000d8f67858,0x00000000d8f80000)
 Metaspace       used 80602K, committed 82432K, reserved 1179648K
  class space    used 7884K, committed 8704K, reserved 1048576K
}
Event: 761.941 GC heap before
{Heap before GC invocations=2777 (full 6):
 PSYoungGen      total 8192K, used 7936K [0x00000000eab00000, 0x00000000eb500000, 0x0000000100000000)
  eden space 7680K, 100% used [0x00000000eab00000,0x00000000eb280000,0x00000000eb280000)
  from space 512K, 50% used [0x00000000eb380000,0x00000000eb3c0000,0x00000000eb400000)
  to   space 1024K, 0% used [0x00000000eb400000,0x00000000eb400000,0x00000000eb500000)
 ParOldGen       total 409088K, used 408990K [0x00000000c0000000, 0x00000000d8f80000, 0x00000000eab00000)
  object space 409088K, 99% used [0x00000000c0000000,0x00000000d8f67858,0x00000000d8f80000)
 Metaspace       used 80602K, committed 82432K, reserved 1179648K
  class space    used 7884K, committed 8704K, reserved 1048576K
}
Event: 761.942 GC heap after
{Heap after GC invocations=2777 (full 6):
 PSYoungGen      total 8192K, used 352K [0x00000000eab00000, 0x00000000eb480000, 0x0000000100000000)
  eden space 7680K, 0% used [0x00000000eab00000,0x00000000eab00000,0x00000000eb280000)
  from space 512K, 68% used [0x00000000eb400000,0x00000000eb458000,0x00000000eb480000)
  to   space 512K, 0% used [0x00000000eb380000,0x00000000eb380000,0x00000000eb400000)
 ParOldGen       total 409088K, used 409054K [0x00000000c0000000, 0x00000000d8f80000, 0x00000000eab00000)
  object space 409088K, 99% used [0x00000000c0000000,0x00000000d8f77858,0x00000000d8f80000)
 Metaspace       used 80602K, committed 82432K, reserved 1179648K
  class space    used 7884K, committed 8704K, reserved 1048576K
}
Event: 761.957 GC heap before
{Heap before GC invocations=2778 (full 6):
 PSYoungGen      total 8192K, used 8032K [0x00000000eab00000, 0x00000000eb480000, 0x0000000100000000)
  eden space 7680K, 100% used [0x00000000eab00000,0x00000000eb280000,0x00000000eb280000)
  from space 512K, 68% used [0x00000000eb400000,0x00000000eb458000,0x00000000eb480000)
  to   space 512K, 0% used [0x00000000eb380000,0x00000000eb380000,0x00000000eb400000)
 ParOldGen       total 409088K, used 409054K [0x00000000c0000000, 0x00000000d8f80000, 0x00000000eab00000)
  object space 409088K, 99% used [0x00000000c0000000,0x00000000d8f77858,0x00000000d8f80000)
 Metaspace       used 80602K, committed 82432K, reserved 1179648K
  class space    used 7884K, committed 8704K, reserved 1048576K
}
Event: 761.958 GC heap after
{Heap after GC invocations=2778 (full 6):
 PSYoungGen      total 8192K, used 495K [0x00000000eab00000, 0x00000000eb480000, 0x0000000100000000)
  eden space 7680K, 0% used [0x00000000eab00000,0x00000000eab00000,0x00000000eb280000)
  from space 512K, 96% used [0x00000000eb380000,0x00000000eb3fbdd0,0x00000000eb400000)
  to   space 512K, 0% used [0x00000000eb400000,0x00000000eb400000,0x00000000eb480000)
 ParOldGen       total 409600K, used 409143K [0x00000000c0000000, 0x00000000d9000000, 0x00000000eab00000)
  object space 409600K, 99% used [0x00000000c0000000,0x00000000d8f8dc88,0x00000000d9000000)
 Metaspace       used 80602K, committed 82432K, reserved 1179648K
  class space    used 7884K, committed 8704K, reserved 1048576K
}
Event: 761.967 GC heap before
{Heap before GC invocations=2779 (full 6):
 PSYoungGen      total 8192K, used 8175K [0x00000000eab00000, 0x00000000eb480000, 0x0000000100000000)
  eden space 7680K, 100% used [0x00000000eab00000,0x00000000eb280000,0x00000000eb280000)
  from space 512K, 96% used [0x00000000eb380000,0x00000000eb3fbdd0,0x00000000eb400000)
  to   space 512K, 0% used [0x00000000eb400000,0x00000000eb400000,0x00000000eb480000)
 ParOldGen       total 409600K, used 409143K [0x00000000c0000000, 0x00000000d9000000, 0x00000000eab00000)
  object space 409600K, 99% used [0x00000000c0000000,0x00000000d8f8dc88,0x00000000d9000000)
 Metaspace       used 80602K, committed 82432K, reserved 1179648K
  class space    used 7884K, committed 8704K, reserved 1048576K
}
Event: 761.968 GC heap after
{Heap after GC invocations=2779 (full 6):
 PSYoungGen      total 8192K, used 459K [0x00000000eab00000, 0x00000000eb480000, 0x0000000100000000)
  eden space 7680K, 0% used [0x00000000eab00000,0x00000000eab00000,0x00000000eb280000)
  from space 512K, 89% used [0x00000000eb400000,0x00000000eb472ef0,0x00000000eb480000)
  to   space 512K, 0% used [0x00000000eb380000,0x00000000eb380000,0x00000000eb400000)
 ParOldGen       total 409600K, used 409335K [0x00000000c0000000, 0x00000000d9000000, 0x00000000eab00000)
  object space 409600K, 99% used [0x00000000c0000000,0x00000000d8fbdc88,0x00000000d9000000)
 Metaspace       used 80602K, committed 82432K, reserved 1179648K
  class space    used 7884K, committed 8704K, reserved 1048576K
}
Event: 761.987 GC heap before
{Heap before GC invocations=2780 (full 6):
 PSYoungGen      total 8192K, used 8139K [0x00000000eab00000, 0x00000000eb480000, 0x0000000100000000)
  eden space 7680K, 100% used [0x00000000eab00000,0x00000000eb280000,0x00000000eb280000)
  from space 512K, 89% used [0x00000000eb400000,0x00000000eb472ef0,0x00000000eb480000)
  to   space 512K, 0% used [0x00000000eb380000,0x00000000eb380000,0x00000000eb400000)
 ParOldGen       total 409600K, used 409335K [0x00000000c0000000, 0x00000000d9000000, 0x00000000eab00000)
  object space 409600K, 99% used [0x00000000c0000000,0x00000000d8fbdc88,0x00000000d9000000)
 Metaspace       used 80602K, committed 82432K, reserved 1179648K
  class space    used 7884K, committed 8704K, reserved 1048576K
}
Event: 761.991 GC heap after
{Heap after GC invocations=2780 (full 6):
 PSYoungGen      total 8192K, used 442K [0x00000000eab00000, 0x00000000eb480000, 0x0000000100000000)
  eden space 7680K, 0% used [0x00000000eab00000,0x00000000eab00000,0x00000000eb280000)
  from space 512K, 86% used [0x00000000eb380000,0x00000000eb3eeb70,0x00000000eb400000)
  to   space 512K, 0% used [0x00000000eb400000,0x00000000eb400000,0x00000000eb480000)
 ParOldGen       total 409600K, used 409542K [0x00000000c0000000, 0x00000000d9000000, 0x00000000eab00000)
  object space 409600K, 99% used [0x00000000c0000000,0x00000000d8ff18b8,0x00000000d9000000)
 Metaspace       used 80602K, committed 82432K, reserved 1179648K
  class space    used 7884K, committed 8704K, reserved 1048576K
}
Event: 762.002 GC heap before
{Heap before GC invocations=2781 (full 6):
 PSYoungGen      total 8192K, used 8122K [0x00000000eab00000, 0x00000000eb480000, 0x0000000100000000)
  eden space 7680K, 100% used [0x00000000eab00000,0x00000000eb280000,0x00000000eb280000)
  from space 512K, 86% used [0x00000000eb380000,0x00000000eb3eeb70,0x00000000eb400000)
  to   space 512K, 0% used [0x00000000eb400000,0x00000000eb400000,0x00000000eb480000)
 ParOldGen       total 409600K, used 409542K [0x00000000c0000000, 0x00000000d9000000, 0x00000000eab00000)
  object space 409600K, 99% used [0x00000000c0000000,0x00000000d8ff18b8,0x00000000d9000000)
 Metaspace       used 80602K, committed 82432K, reserved 1179648K
  class space    used 7884K, committed 8704K, reserved 1048576K
}
Event: 762.003 GC heap after
{Heap after GC invocations=2781 (full 6):
 PSYoungGen      total 8192K, used 511K [0x00000000eab00000, 0x00000000eb480000, 0x0000000100000000)
  eden space 7680K, 0% used [0x00000000eab00000,0x00000000eab00000,0x00000000eb280000)
  from space 512K, 99% used [0x00000000eb400000,0x00000000eb47ff88,0x00000000eb480000)
  to   space 1024K, 0% used [0x00000000eb280000,0x00000000eb280000,0x00000000eb380000)
 ParOldGen       total 410112K, used 409697K [0x00000000c0000000, 0x00000000d9080000, 0x00000000eab00000)
  object space 410112K, 99% used [0x00000000c0000000,0x00000000d9018418,0x00000000d9080000)
 Metaspace       used 80602K, committed 82432K, reserved 1179648K
  class space    used 7884K, committed 8704K, reserved 1048576K
}
Event: 762.012 GC heap before
{Heap before GC invocations=2782 (full 6):
 PSYoungGen      total 8192K, used 8191K [0x00000000eab00000, 0x00000000eb480000, 0x0000000100000000)
  eden space 7680K, 100% used [0x00000000eab00000,0x00000000eb280000,0x00000000eb280000)
  from space 512K, 99% used [0x00000000eb400000,0x00000000eb47ff88,0x00000000eb480000)
  to   space 1024K, 0% used [0x00000000eb280000,0x00000000eb280000,0x00000000eb380000)
 ParOldGen       total 410112K, used 409697K [0x00000000c0000000, 0x00000000d9080000, 0x00000000eab00000)
  object space 410112K, 99% used [0x00000000c0000000,0x00000000d9018418,0x00000000d9080000)
 Metaspace       used 80602K, committed 82432K, reserved 1179648K
  class space    used 7884K, committed 8704K, reserved 1048576K
}
Event: 762.014 GC heap after
{Heap after GC invocations=2782 (full 6):
 PSYoungGen      total 8704K, used 993K [0x00000000eab00000, 0x00000000eb580000, 0x0000000100000000)
  eden space 7680K, 0% used [0x00000000eab00000,0x00000000eab00000,0x00000000eb280000)
  from space 1024K, 97% used [0x00000000eb280000,0x00000000eb378588,0x00000000eb380000)
  to   space 1536K, 0% used [0x00000000eb400000,0x00000000eb400000,0x00000000eb580000)
 ParOldGen       total 410112K, used 409881K [0x00000000c0000000, 0x00000000d9080000, 0x00000000eab00000)
  object space 410112K, 99% used [0x00000000c0000000,0x00000000d9046758,0x00000000d9080000)
 Metaspace       used 80602K, committed 82432K, reserved 1179648K
  class space    used 7884K, committed 8704K, reserved 1048576K
}
Event: 762.020 GC heap before
{Heap before GC invocations=2783 (full 6):
 PSYoungGen      total 8704K, used 8673K [0x00000000eab00000, 0x00000000eb580000, 0x0000000100000000)
  eden space 7680K, 100% used [0x00000000eab00000,0x00000000eb280000,0x00000000eb280000)
  from space 1024K, 97% used [0x00000000eb280000,0x00000000eb378588,0x00000000eb380000)
  to   space 1536K, 0% used [0x00000000eb400000,0x00000000eb400000,0x00000000eb580000)
 ParOldGen       total 410112K, used 409881K [0x00000000c0000000, 0x00000000d9080000, 0x00000000eab00000)
  object space 410112K, 99% used [0x00000000c0000000,0x00000000d9046758,0x00000000d9080000)
 Metaspace       used 80602K, committed 82432K, reserved 1179648K
  class space    used 7884K, committed 8704K, reserved 1048576K
}
Event: 762.022 GC heap after
{Heap after GC invocations=2783 (full 6):
 PSYoungGen      total 8192K, used 507K [0x00000000eab00000, 0x00000000eb480000, 0x0000000100000000)
  eden space 7680K, 0% used [0x00000000eab00000,0x00000000eab00000,0x00000000eb280000)
  from space 512K, 99% used [0x00000000eb400000,0x00000000eb47ec08,0x00000000eb480000)
  to   space 1024K, 0% used [0x00000000eb280000,0x00000000eb280000,0x00000000eb380000)
 ParOldGen       total 410624K, used 410493K [0x00000000c0000000, 0x00000000d9100000, 0x00000000eab00000)
  object space 410624K, 99% used [0x00000000c0000000,0x00000000d90df7d0,0x00000000d9100000)
 Metaspace       used 80602K, committed 82432K, reserved 1179648K
  class space    used 7884K, committed 8704K, reserved 1048576K
}
Event: 762.029 GC heap before
{Heap before GC invocations=2784 (full 6):
 PSYoungGen      total 8192K, used 8187K [0x00000000eab00000, 0x00000000eb480000, 0x0000000100000000)
  eden space 7680K, 100% used [0x00000000eab00000,0x00000000eb280000,0x00000000eb280000)
  from space 512K, 99% used [0x00000000eb400000,0x00000000eb47ec08,0x00000000eb480000)
  to   space 1024K, 0% used [0x00000000eb280000,0x00000000eb280000,0x00000000eb380000)
 ParOldGen       total 410624K, used 410493K [0x00000000c0000000, 0x00000000d9100000, 0x00000000eab00000)
  object space 410624K, 99% used [0x00000000c0000000,0x00000000d90df7d0,0x00000000d9100000)
 Metaspace       used 80602K, committed 82432K, reserved 1179648K
  class space    used 7884K, committed 8704K, reserved 1048576K
}
Event: 762.031 GC heap after
{Heap after GC invocations=2784 (full 6):
 PSYoungGen      total 8704K, used 734K [0x00000000eab00000, 0x00000000eb480000, 0x0000000100000000)
  eden space 7680K, 0% used [0x00000000eab00000,0x00000000eab00000,0x00000000eb280000)
  from space 1024K, 71% used [0x00000000eb280000,0x00000000eb337958,0x00000000eb380000)
  to   space 1024K, 0% used [0x00000000eb380000,0x00000000eb380000,0x00000000eb480000)
 ParOldGen       total 411136K, used 410848K [0x00000000c0000000, 0x00000000d9180000, 0x00000000eab00000)
  object space 411136K, 99% used [0x00000000c0000000,0x00000000d91383d8,0x00000000d9180000)
 Metaspace       used 80602K, committed 82432K, reserved 1179648K
  class space    used 7884K, committed 8704K, reserved 1048576K
}
Event: 762.037 GC heap before
{Heap before GC invocations=2785 (full 6):
 PSYoungGen      total 8704K, used 8414K [0x00000000eab00000, 0x00000000eb480000, 0x0000000100000000)
  eden space 7680K, 100% used [0x00000000eab00000,0x00000000eb280000,0x00000000eb280000)
  from space 1024K, 71% used [0x00000000eb280000,0x00000000eb337958,0x00000000eb380000)
  to   space 1024K, 0% used [0x00000000eb380000,0x00000000eb380000,0x00000000eb480000)
 ParOldGen       total 411136K, used 410848K [0x00000000c0000000, 0x00000000d9180000, 0x00000000eab00000)
  object space 411136K, 99% used [0x00000000c0000000,0x00000000d91383d8,0x00000000d9180000)
 Metaspace       used 80602K, committed 82432K, reserved 1179648K
  class space    used 7884K, committed 8704K, reserved 1048576K
}
Event: 762.039 GC heap after
{Heap after GC invocations=2785 (full 6):
 PSYoungGen      total 8704K, used 580K [0x00000000eab00000, 0x00000000eb480000, 0x0000000100000000)
  eden space 7680K, 0% used [0x00000000eab00000,0x00000000eab00000,0x00000000eb280000)
  from space 1024K, 56% used [0x00000000eb380000,0x00000000eb411208,0x00000000eb480000)
  to   space 1024K, 0% used [0x00000000eb280000,0x00000000eb280000,0x00000000eb380000)
 ParOldGen       total 411648K, used 411483K [0x00000000c0000000, 0x00000000d9200000, 0x00000000eab00000)
  object space 411648K, 99% used [0x00000000c0000000,0x00000000d91d6e50,0x00000000d9200000)
 Metaspace       used 80602K, committed 82432K, reserved 1179648K
  class space    used 7884K, committed 8704K, reserved 1048576K
}

